<?xml version="1.0" encoding="UTF-8"?>
<!-- Generated by org.testng.reporters.JUnitXMLReporter -->
<testsuite ignored="1" hostname="macs-Air.lan" failures="0" tests="1" name="QAF-web-Firefox" time="8.371" errors="0" timestamp="08 Oct 2023 16:38:53 GMT">
  <testcase classname="com.qmetry.qaf.automation.step.client.DataDrivenScenario" name="Validate user can login with valid credential" time="8.153"/>
  <testcase classname="com.qmetry.qaf.automation.step.client.DataDrivenScenario" name="Validate user can login with valid credential" time="0.0">
    <ignored/>
  </testcase> <!-- Validate user can login with valid credential -->
</testsuite> <!-- QAF-web-Firefox -->
