<?xml version="1.0" encoding="UTF-8"?>
<!-- Generated by org.testng.reporters.JUnitXMLReporter -->
<testsuite ignored="1" hostname="macs-Air.lan" failures="0" tests="3" name="QAF-BDD-Test-Mobile" time="64.186" errors="0" timestamp="09 Oct 2023 02:38:44 GMT">
  <testcase classname="com.qmetry.qaf.automation.step.client.DataDrivenScenario" name="Validate One Way Booking" time="25.822"/>
  <testcase classname="com.qmetry.qaf.automation.step.client.DataDrivenScenario" name="Validate One Way Booking" time="19.772"/>
  <testcase classname="com.qmetry.qaf.automation.step.client.DataDrivenScenario" name="Validate One Way Booking" time="18.321"/>
  <testcase classname="com.qmetry.qaf.automation.step.client.DataDrivenScenario" name="Validate One Way Booking" time="0.0">
    <ignored/>
  </testcase> <!-- Validate One Way Booking -->
</testsuite> <!-- QAF-BDD-Test-Mobile -->
